<?xml version="1.0" encoding="UTF-8"?>
<!-- Generated by org.testng.reporters.JUnitXMLReporter -->
<testsuite ignored="0" hostname="Shelfinnas-MacBook-Pro.local" failures="0" tests="5" name="Surefire test" time="41.747" errors="0" timestamp="2025-04-30T23:59:17 WIB">
  <testcase classname="com.example.Tests.TestCases" name="testValidLogin" time="2.576"/>
  <testcase classname="com.example.Tests.TestCases" name="testSearchBook" time="6.538"/>
  <testcase classname="com.example.Tests.TestCases" name="testVerifyItemCart" time="4.761"/>
  <testcase classname="com.example.Tests.TestCases" name="testDeleteItemFromCart" time="2.235"/>
  <testcase classname="com.example.Tests.TestCases" name="testLogout" time="0.837"/>
</testsuite> <!-- Surefire test -->
