<?xml version="1.0" encoding="UTF-8"?>
<!-- Generated by org.testng.reporters.JUnitXMLReporter -->
<testsuite ignored="0" hostname="Shelfinnas-MacBook-Pro.local" failures="0" tests="4" name="Surefire test" time="31.469" errors="0" timestamp="2025-04-29T15:55:21 WIB">
  <testcase classname="com.example.Tests.TestCases" name="testValidLogin" time="0.019"/>
  <testcase classname="com.example.Tests.TestCases" name="testSearchBook" time="9.22"/>
  <testcase classname="com.example.Tests.TestCases" name="testAddBookToCart" time="3.649"/>
  <testcase classname="com.example.Tests.TestCases" name="testVerifyItemCart" time="10.464"/>
</testsuite> <!-- Surefire test -->
