<?xml version="1.0" encoding="UTF-8"?>
<testng-results ignored="1" total="4" passed="3" failed="0" skipped="0">
  <reporter-output>
  </reporter-output>
  <suite started-at="2025-04-30T15:45:10 WIB" name="Surefire suite" finished-at="2025-04-30T15:45:45 WIB" duration-ms="34403">
    <groups>
    </groups>
    <test started-at="2025-04-30T15:45:10 WIB" name="Surefire test" finished-at="2025-04-30T15:45:45 WIB" duration-ms="34403">
      <class name="com.example.Tests.TestCases">
        <test-method is-config="true" signature="setUpClass()[pri:0, instance:com.example.Tests.TestCases@3b2c72c2]" started-at="2025-04-30T15:45:10 WIB" name="setUpClass" finished-at="2025-04-30T15:45:29 WIB" duration-ms="18970" status="PASS">
          <reporter-output>
          </reporter-output>
        </test-method> <!-- setUpClass -->
        <test-method signature="testValidLogin()[pri:0, instance:com.example.Tests.TestCases@3b2c72c2]" started-at="2025-04-30T15:45:29 WIB" name="testValidLogin" finished-at="2025-04-30T15:45:29 WIB" duration-ms="14" status="PASS">
          <reporter-output>
          </reporter-output>
        </test-method> <!-- testValidLogin -->
        <test-method signature="testSearchBook()[pri:0, instance:com.example.Tests.TestCases@3b2c72c2]" started-at="2025-04-30T15:45:29 WIB" name="testSearchBook" finished-at="2025-04-30T15:45:43 WIB" depends-on-methods="com.example.Tests.TestCases.testValidLogin" duration-ms="13590" status="PASS">
          <reporter-output>
          </reporter-output>
        </test-method> <!-- testSearchBook -->
        <test-method signature="testAddBookToCart()[pri:0, instance:com.example.Tests.TestCases@3b2c72c2]" started-at="2025-04-30T15:45:43 WIB" name="testAddBookToCart" finished-at="2025-04-30T15:45:45 WIB" depends-on-methods="com.example.Tests.TestCases.testSearchBook" duration-ms="1666" status="PASS">
          <reporter-output>
          </reporter-output>
        </test-method> <!-- testAddBookToCart -->
        <test-method is-config="true" signature="tearDown()[pri:0, instance:com.example.Tests.TestCases@3b2c72c2]" started-at="2025-04-30T15:45:45 WIB" name="tearDown" finished-at="2025-04-30T15:45:45 WIB" duration-ms="146" status="PASS">
          <reporter-output>
          </reporter-output>
        </test-method> <!-- tearDown -->
      </class> <!-- com.example.Tests.TestCases -->
    </test> <!-- Surefire test -->
  </suite> <!-- Surefire suite -->
</testng-results>
