<?xml version="1.0" encoding="UTF-8"?>
<!-- Generated by org.testng.reporters.JUnitReportReporter -->
<testsuite hostname="Shelfinnas-MacBook-Pro.local" failures="0" tests="4" name="com.example.Tests.TestCases" time="23.352" errors="0" timestamp="2025-04-29T15:55:21 WIB" skipped="0">
  <testcase classname="com.example.Tests.TestCases" name="testVerifyItemCart" time="10.464"/>
  <system-out/>
  <testcase classname="com.example.Tests.TestCases" name="testAddBookToCart" time="3.649"/>
  <system-out/>
  <testcase classname="com.example.Tests.TestCases" name="testSearchBook" time="9.220"/>
  <system-out/>
  <testcase classname="com.example.Tests.TestCases" name="testValidLogin" time="0.019"/>
  <system-out/>
</testsuite> <!-- com.example.Tests.TestCases -->
