<?xml version="1.0" encoding="UTF-8"?>
<!-- Generated by org.testng.reporters.JUnitReportReporter -->
<testsuite hostname="Shelfinnas-MacBook-Pro.local" failures="0" tests="5" name="com.example.Tests.TestCases" time="16.947" errors="0" timestamp="2025-04-30T23:59:17 WIB" skipped="0">
  <testcase classname="com.example.Tests.TestCases" name="testDeleteItemFromCart" time="2.235"/>
  <system-out/>
  <testcase classname="com.example.Tests.TestCases" name="testLogout" time="0.837"/>
  <system-out/>
  <testcase classname="com.example.Tests.TestCases" name="testSearchBook" time="6.538"/>
  <system-out/>
  <testcase classname="com.example.Tests.TestCases" name="testValidLogin" time="2.576"/>
  <system-out/>
  <testcase classname="com.example.Tests.TestCases" name="testVerifyItemCart" time="4.761"/>
  <system-out/>
</testsuite> <!-- com.example.Tests.TestCases -->
