<?xml version="1.0" encoding="UTF-8"?>
<!-- Generated by org.testng.reporters.JUnitReportReporter -->
<testsuite hostname="Shelfinnas-MacBook-Pro.local" failures="0" tests="4" name="com.example.Tests.LoginTest" time="26.139" errors="0" timestamp="2025-04-29T15:10:35 WIB" skipped="0">
  <testcase classname="com.example.Tests.LoginTest" name="testVerifyItemCart" time="10.430"/>
  <system-out/>
  <testcase classname="com.example.Tests.LoginTest" name="testAddBookToCart" time="3.635"/>
  <system-out/>
  <testcase classname="com.example.Tests.LoginTest" name="testValidLogin" time="0.016"/>
  <system-out/>
  <testcase classname="com.example.Tests.LoginTest" name="testSearchBook" time="12.058"/>
  <system-out/>
</testsuite> <!-- com.example.Tests.LoginTest -->
